{"/mnt/c/Games/project/frontend-project-46/src/file.js": {"path":"/mnt/c/Games/project/frontend-project-46/src/file.js","all":false,"statementMap":{"0":{"start":{"line":1,"column":0},"end":{"line":1,"column":24}},"1":{"start":{"line":2,"column":0},"end":{"line":2,"column":36}},"2":{"start":{"line":3,"column":0},"end":{"line":3,"column":0}},"3":{"start":{"line":4,"column":0},"end":{"line":4,"column":50}},"4":{"start":{"line":5,"column":0},"end":{"line":5,"column":43}},"5":{"start":{"line":6,"column":0},"end":{"line":6,"column":0}},"6":{"start":{"line":7,"column":0},"end":{"line":7,"column":97}},"7":{"start":{"line":8,"column":0},"end":{"line":8,"column":0}},"8":{"start":{"line":9,"column":0},"end":{"line":9,"column":24}},"9":{"start":{"line":10,"column":0},"end":{"line":10,"column":15}},"10":{"start":{"line":11,"column":0},"end":{"line":11,"column":17}},"11":{"start":{"line":12,"column":0},"end":{"line":12,"column":22}},"12":{"start":{"line":13,"column":0},"end":{"line":13,"column":13}},"13":{"start":{"line":14,"column":0},"end":{"line":14,"column":13}},"14":{"start":{"line":15,"column":0},"end":{"line":15,"column":15}},"15":{"start":{"line":16,"column":0},"end":{"line":16,"column":3}}},"s":{"0":1,"1":1,"2":1,"3":1,"4":1,"5":1,"6":1,"7":1,"8":1,"9":1,"10":1,"11":1,"12":1,"13":1,"14":1,"15":1},"branchMap":{"0":{"type":"branch","line":7,"loc":{"start":{"line":7,"column":31},"end":{"line":7,"column":96}},"locations":[{"start":{"line":7,"column":31},"end":{"line":7,"column":96}}]}},"b":{"0":[4]},"fnMap":{"0":{"name":"getFixturePath","decl":{"start":{"line":7,"column":31},"end":{"line":7,"column":96}},"loc":{"start":{"line":7,"column":31},"end":{"line":7,"column":96}},"line":7}},"f":{"0":4}}
,"/mnt/c/Games/project/frontend-project-46/src/index.js": {"path":"/mnt/c/Games/project/frontend-project-46/src/index.js","all":false,"statementMap":{"0":{"start":{"line":1,"column":0},"end":{"line":1,"column":34}},"1":{"start":{"line":2,"column":0},"end":{"line":2,"column":23}},"2":{"start":{"line":3,"column":0},"end":{"line":3,"column":24}},"3":{"start":{"line":4,"column":0},"end":{"line":4,"column":35}},"4":{"start":{"line":5,"column":0},"end":{"line":5,"column":0}},"5":{"start":{"line":6,"column":0},"end":{"line":6,"column":32}},"6":{"start":{"line":7,"column":0},"end":{"line":7,"column":0}},"7":{"start":{"line":8,"column":0},"end":{"line":8,"column":61}},"8":{"start":{"line":9,"column":0},"end":{"line":9,"column":68}},"9":{"start":{"line":10,"column":0},"end":{"line":10,"column":61}},"10":{"start":{"line":11,"column":0},"end":{"line":11,"column":0}},"11":{"start":{"line":12,"column":0},"end":{"line":12,"column":52}},"12":{"start":{"line":13,"column":0},"end":{"line":13,"column":0}},"13":{"start":{"line":14,"column":0},"end":{"line":14,"column":44}},"14":{"start":{"line":15,"column":0},"end":{"line":15,"column":34}},"15":{"start":{"line":16,"column":0},"end":{"line":16,"column":34}},"16":{"start":{"line":17,"column":0},"end":{"line":17,"column":38}},"17":{"start":{"line":18,"column":0},"end":{"line":18,"column":36}},"18":{"start":{"line":19,"column":0},"end":{"line":19,"column":0}},"19":{"start":{"line":20,"column":0},"end":{"line":20,"column":44}},"20":{"start":{"line":21,"column":0},"end":{"line":21,"column":29}},"21":{"start":{"line":22,"column":0},"end":{"line":22,"column":29}},"22":{"start":{"line":23,"column":0},"end":{"line":23,"column":0}},"23":{"start":{"line":24,"column":0},"end":{"line":24,"column":36}},"24":{"start":{"line":25,"column":0},"end":{"line":25,"column":14}},"25":{"start":{"line":26,"column":0},"end":{"line":26,"column":22}},"26":{"start":{"line":27,"column":0},"end":{"line":27,"column":12}},"27":{"start":{"line":28,"column":0},"end":{"line":28,"column":15}},"28":{"start":{"line":29,"column":0},"end":{"line":29,"column":8}},"29":{"start":{"line":30,"column":0},"end":{"line":30,"column":5}},"30":{"start":{"line":31,"column":0},"end":{"line":31,"column":36}},"31":{"start":{"line":32,"column":0},"end":{"line":32,"column":14}},"32":{"start":{"line":33,"column":0},"end":{"line":33,"column":24}},"33":{"start":{"line":34,"column":0},"end":{"line":34,"column":12}},"34":{"start":{"line":35,"column":0},"end":{"line":35,"column":15}},"35":{"start":{"line":36,"column":0},"end":{"line":36,"column":8}},"36":{"start":{"line":37,"column":0},"end":{"line":37,"column":5}},"37":{"start":{"line":38,"column":0},"end":{"line":38,"column":28}},"38":{"start":{"line":39,"column":0},"end":{"line":39,"column":14}},"39":{"start":{"line":40,"column":0},"end":{"line":40,"column":24}},"40":{"start":{"line":41,"column":0},"end":{"line":41,"column":12}},"41":{"start":{"line":42,"column":0},"end":{"line":42,"column":15}},"42":{"start":{"line":43,"column":0},"end":{"line":43,"column":15}},"43":{"start":{"line":44,"column":0},"end":{"line":44,"column":8}},"44":{"start":{"line":45,"column":0},"end":{"line":45,"column":5}},"45":{"start":{"line":46,"column":0},"end":{"line":46,"column":12}},"46":{"start":{"line":47,"column":0},"end":{"line":47,"column":24}},"47":{"start":{"line":48,"column":0},"end":{"line":48,"column":10}},"48":{"start":{"line":49,"column":0},"end":{"line":49,"column":13}},"49":{"start":{"line":50,"column":0},"end":{"line":50,"column":6}},"50":{"start":{"line":51,"column":0},"end":{"line":51,"column":5}},"51":{"start":{"line":52,"column":0},"end":{"line":52,"column":0}},"52":{"start":{"line":53,"column":0},"end":{"line":53,"column":19}},"53":{"start":{"line":54,"column":0},"end":{"line":54,"column":2}},"54":{"start":{"line":55,"column":0},"end":{"line":55,"column":0}},"55":{"start":{"line":56,"column":0},"end":{"line":56,"column":44}},"56":{"start":{"line":57,"column":0},"end":{"line":57,"column":61}},"57":{"start":{"line":58,"column":0},"end":{"line":58,"column":30}},"58":{"start":{"line":59,"column":0},"end":{"line":59,"column":23}},"59":{"start":{"line":60,"column":0},"end":{"line":60,"column":21}},"60":{"start":{"line":61,"column":0},"end":{"line":61,"column":45}},"61":{"start":{"line":62,"column":0},"end":{"line":62,"column":23}},"62":{"start":{"line":63,"column":0},"end":{"line":63,"column":45}},"63":{"start":{"line":64,"column":0},"end":{"line":64,"column":21}},"64":{"start":{"line":65,"column":0},"end":{"line":65,"column":74}},"65":{"start":{"line":66,"column":0},"end":{"line":66,"column":19}},"66":{"start":{"line":67,"column":0},"end":{"line":67,"column":45}},"67":{"start":{"line":68,"column":0},"end":{"line":68,"column":14}},"68":{"start":{"line":69,"column":0},"end":{"line":69,"column":20}},"69":{"start":{"line":70,"column":0},"end":{"line":70,"column":5}},"70":{"start":{"line":71,"column":0},"end":{"line":71,"column":5}},"71":{"start":{"line":72,"column":0},"end":{"line":72,"column":46}},"72":{"start":{"line":73,"column":0},"end":{"line":73,"column":2}},"73":{"start":{"line":74,"column":0},"end":{"line":74,"column":0}},"74":{"start":{"line":75,"column":0},"end":{"line":75,"column":42}},"75":{"start":{"line":76,"column":0},"end":{"line":76,"column":35}},"76":{"start":{"line":77,"column":0},"end":{"line":77,"column":35}},"77":{"start":{"line":78,"column":0},"end":{"line":78,"column":51}},"78":{"start":{"line":79,"column":0},"end":{"line":79,"column":2}}},"s":{"0":1,"1":1,"2":1,"3":1,"4":1,"5":1,"6":1,"7":1,"8":1,"9":1,"10":1,"11":1,"12":1,"13":1,"14":2,"15":2,"16":2,"17":2,"18":2,"19":2,"20":10,"21":10,"22":10,"23":10,"24":2,"25":2,"26":2,"27":2,"28":2,"29":2,"30":10,"31":4,"32":4,"33":4,"34":4,"35":4,"36":4,"37":10,"38":2,"39":2,"40":2,"41":2,"42":2,"43":2,"44":2,"45":2,"46":2,"47":2,"48":2,"49":2,"50":2,"51":2,"52":2,"53":2,"54":1,"55":1,"56":2,"57":10,"58":10,"59":10,"60":4,"61":10,"62":2,"63":10,"64":2,"65":10,"66":2,"67":10,"68":0,"69":10,"70":2,"71":2,"72":2,"73":1,"74":1,"75":2,"76":2,"77":2,"78":2},"branchMap":{"0":{"type":"branch","line":8,"loc":{"start":{"line":8,"column":18},"end":{"line":8,"column":60}},"locations":[{"start":{"line":8,"column":18},"end":{"line":8,"column":60}}]},"1":{"type":"branch","line":9,"loc":{"start":{"line":9,"column":25},"end":{"line":9,"column":67}},"locations":[{"start":{"line":9,"column":25},"end":{"line":9,"column":67}}]},"2":{"type":"branch","line":10,"loc":{"start":{"line":10,"column":14},"end":{"line":10,"column":60}},"locations":[{"start":{"line":10,"column":14},"end":{"line":10,"column":60}}]},"3":{"type":"branch","line":12,"loc":{"start":{"line":12,"column":17},"end":{"line":12,"column":51}},"locations":[{"start":{"line":12,"column":17},"end":{"line":12,"column":51}}]},"4":{"type":"branch","line":14,"loc":{"start":{"line":14,"column":27},"end":{"line":54,"column":2}},"locations":[{"start":{"line":14,"column":27},"end":{"line":54,"column":2}}]},"5":{"type":"branch","line":20,"loc":{"start":{"line":20,"column":35},"end":{"line":51,"column":3}},"locations":[{"start":{"line":20,"column":35},"end":{"line":51,"column":3}}]},"6":{"type":"branch","line":24,"loc":{"start":{"line":24,"column":35},"end":{"line":30,"column":5}},"locations":[{"start":{"line":24,"column":35},"end":{"line":30,"column":5}}]},"7":{"type":"branch","line":30,"loc":{"start":{"line":30,"column":4},"end":{"line":31,"column":35}},"locations":[{"start":{"line":30,"column":4},"end":{"line":31,"column":35}}]},"8":{"type":"branch","line":31,"loc":{"start":{"line":31,"column":35},"end":{"line":38,"column":27}},"locations":[{"start":{"line":31,"column":35},"end":{"line":38,"column":27}}]},"9":{"type":"branch","line":38,"loc":{"start":{"line":38,"column":27},"end":{"line":51,"column":3}},"locations":[{"start":{"line":38,"column":27},"end":{"line":51,"column":3}}]},"10":{"type":"branch","line":56,"loc":{"start":{"line":56,"column":17},"end":{"line":73,"column":2}},"locations":[{"start":{"line":56,"column":17},"end":{"line":73,"column":2}}]},"11":{"type":"branch","line":57,"loc":{"start":{"line":57,"column":52},"end":{"line":71,"column":3}},"locations":[{"start":{"line":57,"column":52},"end":{"line":71,"column":3}}]},"12":{"type":"branch","line":60,"loc":{"start":{"line":60,"column":6},"end":{"line":61,"column":45}},"locations":[{"start":{"line":60,"column":6},"end":{"line":61,"column":45}}]},"13":{"type":"branch","line":62,"loc":{"start":{"line":62,"column":6},"end":{"line":63,"column":45}},"locations":[{"start":{"line":62,"column":6},"end":{"line":63,"column":45}}]},"14":{"type":"branch","line":64,"loc":{"start":{"line":64,"column":6},"end":{"line":65,"column":74}},"locations":[{"start":{"line":64,"column":6},"end":{"line":65,"column":74}}]},"15":{"type":"branch","line":66,"loc":{"start":{"line":66,"column":6},"end":{"line":67,"column":45}},"locations":[{"start":{"line":66,"column":6},"end":{"line":67,"column":45}}]},"16":{"type":"branch","line":68,"loc":{"start":{"line":68,"column":6},"end":{"line":69,"column":20}},"locations":[{"start":{"line":68,"column":6},"end":{"line":69,"column":20}}]},"17":{"type":"branch","line":75,"loc":{"start":{"line":75,"column":15},"end":{"line":79,"column":2}},"locations":[{"start":{"line":75,"column":15},"end":{"line":79,"column":2}}]}},"b":{"0":[4],"1":[4],"2":[4],"3":[4],"4":[2],"5":[10],"6":[2],"7":[8],"8":[4],"9":[2],"10":[2],"11":[10],"12":[4],"13":[2],"14":[2],"15":[2],"16":[0],"17":[2]},"fnMap":{"0":{"name":"readFile","decl":{"start":{"line":8,"column":18},"end":{"line":8,"column":60}},"loc":{"start":{"line":8,"column":18},"end":{"line":8,"column":60}},"line":8},"1":{"name":"getAbsolutePath","decl":{"start":{"line":9,"column":25},"end":{"line":9,"column":67}},"loc":{"start":{"line":9,"column":25},"end":{"line":9,"column":67}},"line":9},"2":{"name":"file","decl":{"start":{"line":10,"column":14},"end":{"line":10,"column":60}},"loc":{"start":{"line":10,"column":14},"end":{"line":10,"column":60}},"line":10},"3":{"name":"getData","decl":{"start":{"line":12,"column":17},"end":{"line":12,"column":51}},"loc":{"start":{"line":12,"column":17},"end":{"line":12,"column":51}},"line":12},"4":{"name":"getDiffInformation","decl":{"start":{"line":14,"column":27},"end":{"line":54,"column":2}},"loc":{"start":{"line":14,"column":27},"end":{"line":54,"column":2}},"line":14},"5":{"name":"genDiff","decl":{"start":{"line":56,"column":17},"end":{"line":73,"column":2}},"loc":{"start":{"line":56,"column":17},"end":{"line":73,"column":2}},"line":56},"6":{"name":"default","decl":{"start":{"line":75,"column":15},"end":{"line":79,"column":2}},"loc":{"start":{"line":75,"column":15},"end":{"line":79,"column":2}},"line":75}},"f":{"0":4,"1":4,"2":4,"3":4,"4":2,"5":2,"6":2}}
,"/mnt/c/Games/project/frontend-project-46/src/parses.js": {"path":"/mnt/c/Games/project/frontend-project-46/src/parses.js","all":false,"statementMap":{"0":{"start":{"line":1,"column":0},"end":{"line":1,"column":27}},"1":{"start":{"line":2,"column":0},"end":{"line":2,"column":0}},"2":{"start":{"line":3,"column":0},"end":{"line":3,"column":29}},"3":{"start":{"line":4,"column":0},"end":{"line":4,"column":37}},"4":{"start":{"line":5,"column":0},"end":{"line":5,"column":25}},"5":{"start":{"line":6,"column":0},"end":{"line":6,"column":3}},"6":{"start":{"line":7,"column":0},"end":{"line":7,"column":29}},"7":{"start":{"line":8,"column":0},"end":{"line":8,"column":2}},"8":{"start":{"line":9,"column":0},"end":{"line":9,"column":0}},"9":{"start":{"line":10,"column":0},"end":{"line":10,"column":21}}},"s":{"0":1,"1":1,"2":1,"3":4,"4":0,"5":0,"6":4,"7":4,"8":1,"9":1},"branchMap":{"0":{"type":"branch","line":3,"loc":{"start":{"line":3,"column":15},"end":{"line":8,"column":2}},"locations":[{"start":{"line":3,"column":15},"end":{"line":8,"column":2}}]},"1":{"type":"branch","line":4,"loc":{"start":{"line":4,"column":36},"end":{"line":6,"column":3}},"locations":[{"start":{"line":4,"column":36},"end":{"line":6,"column":3}}]}},"b":{"0":[4],"1":[0]},"fnMap":{"0":{"name":"parse","decl":{"start":{"line":3,"column":15},"end":{"line":8,"column":2}},"loc":{"start":{"line":3,"column":15},"end":{"line":8,"column":2}},"line":3}},"f":{"0":4}}
}
