{"/mnt/c/Games/project/frontend-project-46/src/index.js": {"path":"/mnt/c/Games/project/frontend-project-46/src/index.js","statementMap":{"0":{"start":{"line":6,"column":27},"end":{"line":46,"column":1}},"1":{"start":{"line":7,"column":16},"end":{"line":7,"column":33}},"2":{"start":{"line":8,"column":16},"end":{"line":8,"column":33}},"3":{"start":{"line":9,"column":16},"end":{"line":9,"column":37}},"4":{"start":{"line":10,"column":20},"end":{"line":10,"column":35}},"5":{"start":{"line":12,"column":23},"end":{"line":43,"column":4}},"6":{"start":{"line":13,"column":19},"end":{"line":13,"column":28}},"7":{"start":{"line":14,"column":19},"end":{"line":14,"column":28}},"8":{"start":{"line":16,"column":4},"end":{"line":22,"column":5}},"9":{"start":{"line":17,"column":6},"end":{"line":21,"column":8}},"10":{"start":{"line":23,"column":4},"end":{"line":29,"column":5}},"11":{"start":{"line":24,"column":6},"end":{"line":28,"column":8}},"12":{"start":{"line":30,"column":4},"end":{"line":37,"column":5}},"13":{"start":{"line":31,"column":6},"end":{"line":36,"column":8}},"14":{"start":{"line":38,"column":4},"end":{"line":42,"column":6}},"15":{"start":{"line":45,"column":2},"end":{"line":45,"column":22}},"16":{"start":{"line":48,"column":16},"end":{"line":65,"column":1}},"17":{"start":{"line":49,"column":25},"end":{"line":63,"column":4}},"18":{"start":{"line":50,"column":21},"end":{"line":50,"column":29}},"19":{"start":{"line":51,"column":4},"end":{"line":62,"column":5}},"20":{"start":{"line":53,"column":8},"end":{"line":53,"column":47}},"21":{"start":{"line":55,"column":8},"end":{"line":55,"column":47}},"22":{"start":{"line":57,"column":8},"end":{"line":57,"column":79}},"23":{"start":{"line":59,"column":8},"end":{"line":59,"column":47}},"24":{"start":{"line":61,"column":8},"end":{"line":61,"column":20}},"25":{"start":{"line":64,"column":2},"end":{"line":64,"column":46}},"26":{"start":{"line":68,"column":19},"end":{"line":68,"column":56}},"27":{"start":{"line":68,"column":29},"end":{"line":68,"column":56}},"28":{"start":{"line":69,"column":26},"end":{"line":69,"column":69}},"29":{"start":{"line":69,"column":40},"end":{"line":69,"column":69}},"30":{"start":{"line":70,"column":20},"end":{"line":70,"column":46}},"31":{"start":{"line":70,"column":30},"end":{"line":70,"column":46}},"32":{"start":{"line":72,"column":15},"end":{"line":72,"column":56}},"33":{"start":{"line":72,"column":25},"end":{"line":72,"column":56}},"34":{"start":{"line":74,"column":16},"end":{"line":74,"column":42}},"35":{"start":{"line":75,"column":16},"end":{"line":75,"column":42}},"36":{"start":{"line":77,"column":2},"end":{"line":77,"column":51}}},"fnMap":{"0":{"name":"(anonymous_0)","decl":{"start":{"line":6,"column":27},"end":{"line":6,"column":28}},"loc":{"start":{"line":6,"column":43},"end":{"line":46,"column":1}},"line":6},"1":{"name":"(anonymous_1)","decl":{"start":{"line":12,"column":37},"end":{"line":12,"column":38}},"loc":{"start":{"line":12,"column":46},"end":{"line":43,"column":3}},"line":12},"2":{"name":"(anonymous_2)","decl":{"start":{"line":48,"column":16},"end":{"line":48,"column":17}},"loc":{"start":{"line":48,"column":40},"end":{"line":65,"column":1}},"line":48},"3":{"name":"(anonymous_3)","decl":{"start":{"line":49,"column":48},"end":{"line":49,"column":49}},"loc":{"start":{"line":49,"column":57},"end":{"line":63,"column":3}},"line":49},"4":{"name":"(anonymous_4)","decl":{"start":{"line":67,"column":15},"end":{"line":67,"column":16}},"loc":{"start":{"line":67,"column":41},"end":{"line":78,"column":1}},"line":67},"5":{"name":"(anonymous_5)","decl":{"start":{"line":68,"column":19},"end":{"line":68,"column":20}},"loc":{"start":{"line":68,"column":29},"end":{"line":68,"column":56}},"line":68},"6":{"name":"(anonymous_6)","decl":{"start":{"line":69,"column":26},"end":{"line":69,"column":27}},"loc":{"start":{"line":69,"column":40},"end":{"line":69,"column":69}},"line":69},"7":{"name":"(anonymous_7)","decl":{"start":{"line":70,"column":20},"end":{"line":70,"column":21}},"loc":{"start":{"line":70,"column":30},"end":{"line":70,"column":46}},"line":70},"8":{"name":"(anonymous_8)","decl":{"start":{"line":72,"column":15},"end":{"line":72,"column":16}},"loc":{"start":{"line":72,"column":25},"end":{"line":72,"column":56}},"line":72}},"branchMap":{"0":{"loc":{"start":{"line":16,"column":4},"end":{"line":22,"column":5}},"type":"if","locations":[{"start":{"line":16,"column":4},"end":{"line":22,"column":5}},{"start":{},"end":{}}],"line":16},"1":{"loc":{"start":{"line":23,"column":4},"end":{"line":29,"column":5}},"type":"if","locations":[{"start":{"line":23,"column":4},"end":{"line":29,"column":5}},{"start":{},"end":{}}],"line":23},"2":{"loc":{"start":{"line":30,"column":4},"end":{"line":37,"column":5}},"type":"if","locations":[{"start":{"line":30,"column":4},"end":{"line":37,"column":5}},{"start":{},"end":{}}],"line":30},"3":{"loc":{"start":{"line":51,"column":4},"end":{"line":62,"column":5}},"type":"switch","locations":[{"start":{"line":52,"column":6},"end":{"line":53,"column":47}},{"start":{"line":54,"column":6},"end":{"line":55,"column":47}},{"start":{"line":56,"column":6},"end":{"line":57,"column":79}},{"start":{"line":58,"column":6},"end":{"line":59,"column":47}},{"start":{"line":60,"column":6},"end":{"line":61,"column":20}}],"line":51}},"s":{"0":1,"1":1,"2":1,"3":1,"4":1,"5":1,"6":5,"7":5,"8":5,"9":1,"10":4,"11":2,"12":2,"13":1,"14":1,"15":1,"16":1,"17":1,"18":5,"19":5,"20":2,"21":1,"22":1,"23":1,"24":0,"25":1,"26":1,"27":2,"28":1,"29":2,"30":1,"31":2,"32":1,"33":2,"34":1,"35":1,"36":1},"f":{"0":1,"1":5,"2":1,"3":5,"4":1,"5":2,"6":2,"7":2,"8":2},"b":{"0":[1,4],"1":[2,2],"2":[1,1],"3":[2,1,1,1,0]},"_coverageSchema":"1a1c01bbd47fc00a2c39e90264f33305004495a9","hash":"7896d69f8ecfaabd2bdca977a793f8664973981d"}
}
