TN:
SF:src/index.js
FN:6,getDiffInformation
FN:48,genDiff
FN:67,default
FN:68,readFile
FN:69,getAbsolutePath
FN:70,dateParse
FN:72,file
FNF:7
FNH:7
FNDA:1,getDiffInformation
FNDA:1,genDiff
FNDA:1,default
FNDA:2,readFile
FNDA:2,getAbsolutePath
FNDA:2,dateParse
FNDA:2,file
DA:1,1
DA:2,1
DA:3,1
DA:4,1
DA:5,1
DA:6,1
DA:7,1
DA:8,1
DA:9,1
DA:10,1
DA:11,1
DA:12,1
DA:13,5
DA:14,5
DA:15,5
DA:16,5
DA:17,1
DA:18,1
DA:19,1
DA:20,1
DA:21,1
DA:22,1
DA:23,5
DA:24,2
DA:25,2
DA:26,2
DA:27,2
DA:28,2
DA:29,2
DA:30,5
DA:31,1
DA:32,1
DA:33,1
DA:34,1
DA:35,1
DA:36,1
DA:37,1
DA:38,1
DA:39,1
DA:40,1
DA:41,1
DA:42,1
DA:43,1
DA:44,1
DA:45,1
DA:46,1
DA:47,1
DA:48,1
DA:49,1
DA:50,5
DA:51,5
DA:52,5
DA:53,2
DA:54,5
DA:55,1
DA:56,5
DA:57,1
DA:58,5
DA:59,1
DA:60,5
DA:61,0
DA:62,5
DA:63,1
DA:64,1
DA:65,1
DA:66,1
DA:67,1
DA:68,1
DA:69,1
DA:70,1
DA:71,1
DA:72,1
DA:73,1
DA:74,1
DA:75,1
DA:76,1
DA:77,1
LF:77
LH:76
BRDA:6,0,0,1
BRDA:12,1,0,5
BRDA:16,2,0,1
BRDA:22,3,0,4
BRDA:23,4,0,2
BRDA:30,5,0,1
BRDA:48,6,0,1
BRDA:49,7,0,5
BRDA:52,8,0,2
BRDA:54,9,0,1
BRDA:56,10,0,1
BRDA:58,11,0,1
BRDA:60,12,0,0
BRDA:67,13,0,1
BRDA:68,14,0,2
BRDA:69,15,0,2
BRDA:70,16,0,2
BRDA:72,17,0,2
BRF:18
BRH:17
end_of_record
