TN:
SF:src/file.js
FN:7,getFixturePath
FNF:1
FNH:1
FNDA:4,getFixturePath
DA:1,1
DA:2,1
DA:3,1
DA:4,1
DA:5,1
DA:6,1
DA:7,1
DA:8,1
DA:9,1
DA:10,1
DA:11,1
DA:12,1
DA:13,1
DA:14,1
DA:15,1
DA:16,1
LF:16
LH:16
BRDA:7,0,0,4
BRF:1
BRH:1
end_of_record
TN:
SF:src/index.js
FN:8,readFile
FN:9,getAbsolutePath
FN:10,file
FN:12,getData
FN:14,getDiffInformation
FN:56,genDiff
FN:75,default
FNF:7
FNH:7
FNDA:4,readFile
FNDA:4,getAbsolutePath
FNDA:4,file
FNDA:4,getData
FNDA:2,getDiffInformation
FNDA:2,genDiff
FNDA:2,default
DA:1,1
DA:2,1
DA:3,1
DA:4,1
DA:5,1
DA:6,1
DA:7,1
DA:8,1
DA:9,1
DA:10,1
DA:11,1
DA:12,1
DA:13,1
DA:14,1
DA:15,2
DA:16,2
DA:17,2
DA:18,2
DA:19,2
DA:20,2
DA:21,10
DA:22,10
DA:23,10
DA:24,10
DA:25,2
DA:26,2
DA:27,2
DA:28,2
DA:29,2
DA:30,2
DA:31,10
DA:32,4
DA:33,4
DA:34,4
DA:35,4
DA:36,4
DA:37,4
DA:38,10
DA:39,2
DA:40,2
DA:41,2
DA:42,2
DA:43,2
DA:44,2
DA:45,2
DA:46,2
DA:47,2
DA:48,2
DA:49,2
DA:50,2
DA:51,2
DA:52,2
DA:53,2
DA:54,2
DA:55,1
DA:56,1
DA:57,2
DA:58,10
DA:59,10
DA:60,10
DA:61,4
DA:62,10
DA:63,2
DA:64,10
DA:65,2
DA:66,10
DA:67,2
DA:68,10
DA:69,0
DA:70,10
DA:71,2
DA:72,2
DA:73,2
DA:74,1
DA:75,1
DA:76,2
DA:77,2
DA:78,2
DA:79,2
LF:79
LH:78
BRDA:8,0,0,4
BRDA:9,1,0,4
BRDA:10,2,0,4
BRDA:12,3,0,4
BRDA:14,4,0,2
BRDA:20,5,0,10
BRDA:24,6,0,2
BRDA:30,7,0,8
BRDA:31,8,0,4
BRDA:38,9,0,2
BRDA:56,10,0,2
BRDA:57,11,0,10
BRDA:60,12,0,4
BRDA:62,13,0,2
BRDA:64,14,0,2
BRDA:66,15,0,2
BRDA:68,16,0,0
BRDA:75,17,0,2
BRF:18
BRH:17
end_of_record
TN:
SF:src/parses.js
FN:3,parse
FNF:1
FNH:1
FNDA:4,parse
DA:1,1
DA:2,1
DA:3,1
DA:4,4
DA:5,0
DA:6,0
DA:7,4
DA:8,4
DA:9,1
DA:10,1
LF:10
LH:8
BRDA:3,0,0,4
BRDA:4,1,0,0
BRF:2
BRH:1
end_of_record
